[2025-10-31 07:13:13] Starting Wordle answers update...
[2025-10-31 07:13:13] Downloading Wordle answers page from https://wordfinder.yourdictionary.com/wordle/answers/...
[0;32m[SUCCESS][0m HTML downloaded successfully (991257 bytes)
[2025-10-31 07:13:13] Parsing HTML and updating answer database...
[0;32m[SUCCESS][0m Wordle answers database updated successfully
[2025-10-31 11:37:10] Starting Wordle answers update...
[2025-10-31 11:37:10] Downloading Wordle answers page from https://wordfinder.yourdictionary.com/wordle/answers/...
[0;32m[SUCCESS][0m HTML downloaded successfully (991257 bytes)
[2025-10-31 11:37:10] Parsing HTML and updating answer database...
[0;32m[SUCCESS][0m Wordle answers database updated successfully
[2025-10-31 11:54:15] Starting Wordle answers update...
[2025-10-31 11:54:15] Downloading Wordle answers page from https://wordfinder.yourdictionary.com/wordle/answers/...
[0;32m[SUCCESS][0m HTML downloaded successfully (991257 bytes)
[2025-10-31 11:54:15] Parsing HTML and updating answer database...
[2025-10-31 11:54:15] Verifying database update...
[0;32m[SUCCESS][0m Database verified: 1594 rows, most recent: 2025-10-30=LATHE
[2025-11-01 07:00:01] Starting Wordle answers update...
[2025-11-01 07:00:01] Downloading Wordle answers page from https://wordfinder.yourdictionary.com/wordle/answers/...
[0;32m[SUCCESS][0m HTML downloaded successfully (992424 bytes)
[2025-11-01 07:00:02] Parsing HTML and updating answer database...
[2025-11-01 07:00:02] Verifying database update...
[0;32m[SUCCESS][0m Database verified: 1595 rows, most recent: 2025-10-31=ABHOR
[2025-11-01 09:56:20] Starting Wordle answers update...
[2025-11-01 09:56:20] Downloading Wordle answers page from https://wordfinder.yourdictionary.com/wordle/answers/...
[0;32m[SUCCESS][0m HTML downloaded successfully (992424 bytes)
[2025-11-01 09:56:21] Parsing HTML and updating answer database...
[2025-11-01 09:56:21] Verifying database update...
[0;32m[SUCCESS][0m Database verified: 1595 rows, most recent: 2025-10-31=ABHOR
